<?xml version="1.0" encoding="UTF-8"?>
<testsuite name="com.gildedrose.GildedRoseTest" tests="8" skipped="0" failures="0" errors="0" timestamp="2023-10-12T19:46:30" hostname="DESKTOP-QACEL36" time="0.063">
  <properties/>
  <testcase name="testNormalItemQualityDecreaseAfterSellIn()" classname="com.gildedrose.GildedRoseTest" time="0.044"/>
  <testcase name="Test that the name is unchanged" classname="com.gildedrose.GildedRoseTest" time="0.002"/>
  <testcase name="testNotSulfurasHandOfRagnarosAfterSellInLessThanZeroAndQualityMoreThanZero()" classname="com.gildedrose.GildedRoseTest" time="0.001"/>
  <testcase name="testBackstageQualityIncreaseSellInLessThanSixAndQualityFifty()" classname="com.gildedrose.GildedRoseTest" time="0.002"/>
  <testcase name="testBackstagePassQualityAfterSellIn()" classname="com.gildedrose.GildedRoseTest" time="0.001"/>
  <testcase name="testAgedBrieQualityIncreaseAfterSellInAndQualityFifty()" classname="com.gildedrose.GildedRoseTest" time="0.002"/>
  <testcase name="testAgedBrieQualityIncreaseAfterSellIn()" classname="com.gildedrose.GildedRoseTest" time="0.002"/>
  <testcase name="testUpdateQuality()" classname="com.gildedrose.GildedRoseTest" time="0.001"/>
  <system-out><![CDATA[]]></system-out>
  <system-err><![CDATA[]]></system-err>
</testsuite>
