<?xml version="1.0" encoding="UTF-8"?>
<testsuite name="com.gildedrose.GildedRoseTest" tests="13" skipped="0" failures="0" errors="0" timestamp="2023-10-14T23:14:52" hostname="DESKTOP-QACEL36" time="0.11">
  <properties/>
  <testcase name="testNormalItemQualityDecreaseAfterSellIn()" classname="com.gildedrose.GildedRoseTest" time="0.043"/>
  <testcase name="Test that the name is unchanged" classname="com.gildedrose.GildedRoseTest" time="0.001"/>
  <testcase name="testToString()" classname="com.gildedrose.GildedRoseTest" time="0.013"/>
  <testcase name="testNotSulfurasHandOfRagnarosAfterSellInLessThanZeroAndQualityMoreThanZero()" classname="com.gildedrose.GildedRoseTest" time="0.002"/>
  <testcase name="testBackstageQualityIncreaseSellInLessThanSixAndQualityFifty()" classname="com.gildedrose.GildedRoseTest" time="0.004"/>
  <testcase name="testBackstageQualityIncreaseSellInMoreThanEleven()" classname="com.gildedrose.GildedRoseTest" time="0.001"/>
  <testcase name="testBackstagePassQualityAfterSellIn()" classname="com.gildedrose.GildedRoseTest" time="0.007"/>
  <testcase name="testAgedBrieQualityIncreaseAfterSellInAndQualityFifty()" classname="com.gildedrose.GildedRoseTest" time="0.001"/>
  <testcase name="testAgedBrieQualityIncreaseAfterSellIn()" classname="com.gildedrose.GildedRoseTest" time="0.001"/>
  <testcase name="testUpdateQuality()" classname="com.gildedrose.GildedRoseTest" time="0.002"/>
  <testcase name="testBackstageQualityIncreaseSellInMoreThanOne()" classname="com.gildedrose.GildedRoseTest" time="0.001"/>
  <testcase name="testBackstageQualityIncreaseSellInMoreThanSix()" classname="com.gildedrose.GildedRoseTest" time="0.001"/>
  <testcase name="testQualityNeverNegative()" classname="com.gildedrose.GildedRoseTest" time="0.003"/>
  <system-out><![CDATA[]]></system-out>
  <system-err><![CDATA[]]></system-err>
</testsuite>
